#
# There is insufficient memory for the Java Runtime Environment to continue.
# Native memory allocation (malloc) failed to allocate 136176 bytes for Chunk::new
# Possible reasons:
#   The system is out of physical RAM or swap space
#   The process is running with CompressedOops enabled, and the Java Heap may be blocking the growth of the native heap
# Possible solutions:
#   Reduce memory load on the system
#   Increase physical memory or swap space
#   Check if swap backing store is full
#   Decrease Java heap size (-Xmx/-Xms)
#   Decrease number of Java threads
#   Decrease Java thread stack sizes (-Xss)
#   Set larger code cache with -XX:ReservedCodeCacheSize=
#   JVM is running with Zero Based Compressed Oops mode in which the Java heap is
#     placed in the first 32GB address space. The Java Heap base address is the
#     maximum limit for the native heap growth. Please use -XX:HeapBaseMinAddress
#     to set the Java Heap base and to place the Java Heap above 32GB virtual address.
# This output file may be truncated or incomplete.
#
#  Out of Memory Error (allocation.cpp:389), pid=27088, tid=0x0000000000005f3c
#
# JRE version: Java(TM) SE Runtime Environment (8.0_221-b11) (build 1.8.0_221-b11)
# Java VM: Java HotSpot(TM) 64-Bit Server VM (25.221-b11 mixed mode windows-amd64 compressed oops)
# Failed to write core dump. Minidumps are not enabled by default on client versions of Windows
#

---------------  T H R E A D  ---------------

Current thread (0x000000001e9d1000):  JavaThread "C2 CompilerThread1" daemon [_thread_in_native, id=24380, stack(0x000000001f3a0000,0x000000001f4a0000)]

Stack: [0x000000001f3a0000,0x000000001f4a0000]
[error occurred during error reporting (printing stack bounds), id 0xc0000005]

Native frames: (J=compiled Java code, j=interpreted, Vv=VM code, C=native code)


Current CompileTask:
C2:    489  543       4       org.codehaus.plexus.util.xml.XmlReader::read (11 bytes)


---------------  P R O C E S S  ---------------

Java Threads: ( => current thread )
  0x000000001ea66800 JavaThread "Service Thread" daemon [_thread_blocked, id=29108, stack(0x000000001f6a0000,0x000000001f7a0000)]
  0x000000001e9dc800 JavaThread "C1 CompilerThread3" daemon [_thread_in_vm, id=20440, stack(0x000000001f5a0000,0x000000001f6a0000)]
  0x000000001e9d9800 JavaThread "C2 CompilerThread2" daemon [_thread_in_native, id=9496, stack(0x000000001f4a0000,0x000000001f5a0000)]
=>0x000000001e9d1000 JavaThread "C2 CompilerThread1" daemon [_thread_in_native, id=24380, stack(0x000000001f3a0000,0x000000001f4a0000)]
  0x000000001e9ca000 JavaThread "C2 CompilerThread0" daemon [_thread_in_native, id=4088, stack(0x000000001f2a0000,0x000000001f3a0000)]
  0x000000001e9c9000 JavaThread "Attach Listener" daemon [_thread_blocked, id=18932, stack(0x000000001f1a0000,0x000000001f2a0000)]
  0x000000001e9c7000 JavaThread "Signal Dispatcher" daemon [_thread_blocked, id=23672, stack(0x000000001f0a0000,0x000000001f1a0000)]
  0x000000001e9c1000 JavaThread "Finalizer" daemon [_thread_blocked, id=29692, stack(0x000000001eea0000,0x000000001efa0000)]
  0x000000001cbcd800 JavaThread "Reference Handler" daemon [_thread_blocked, id=27152, stack(0x000000001eda0000,0x000000001eea0000)]
  0x0000000003132800 JavaThread "main" [_thread_in_Java, id=21620, stack(0x0000000002f50000,0x0000000003050000)]

Other Threads:
  0x000000001cbc9800 VMThread [stack: 0x000000001e8a0000,0x000000001e9a0000] [id=25480]
  0x000000001ea8e800 WatcherThread [stack: 0x000000001f7a0000,0x000000001f8a0000] [id=12300]

VM state:not at safepoint (normal execution)

VM Mutex/Monitor currently owned by a thread: None

heap address: 0x00000006c2800000, size: 4056 MB, Compressed Oops mode: Zero based, Oop shift amount: 3
Narrow klass base: 0x0000000000000000, Narrow klass shift: 3
Compressed class space size: 1073741824 Address: 0x00000007c0000000

Heap:
 PSYoungGen      total 75776K, used 22112K [0x000000076b800000, 0x0000000770c80000, 0x00000007c0000000)
  eden space 65024K, 34% used [0x000000076b800000,0x000000076cd981f0,0x000000076f780000)
  from space 10752K, 0% used [0x0000000770200000,0x0000000770200000,0x0000000770c80000)
  to   space 10752K, 0% used [0x000000076f780000,0x000000076f780000,0x0000000770200000)
 ParOldGen       total 173568K, used 0K [0x00000006c2800000, 0x00000006cd180000, 0x000000076b800000)
  object space 173568K, 0% used [0x00000006c2800000,0x00000006c2800000,0x00000006cd180000)
 Metaspace       used 7721K, capacity 7868K, committed 7936K, reserved 1056768K
  class space    used 924K, capacity 984K, committed 1024K, reserved 1048576K

Card table byte_map: [0x00000000125f0000,0x0000000012de0000] byte_map_base: 0x000000000efdc000

Marking Bits: (ParMarkBitMap*) 0x0000000056955ce0
 Begin Bits: [0x0000000013b30000, 0x0000000017a90000)
 End Bits:   [0x0000000017a90000, 0x000000001b9f0000)

Polling page: 0x0000000002ea0000

CodeCache: size=245760Kb used=2604Kb max_used=2604Kb free=243155Kb
 bounds [0x0000000003230000, 0x00000000034c0000, 0x0000000012230000]
 total_blobs=847 nmethods=546 adapters=214
 compilation: enabled

Compilation events (10 events):
Event: 0.482 Thread 0x000000001e9dc800 nmethod 528 0x00000000034b0b90 code [0x00000000034b0e80, 0x00000000034b2638]
Event: 0.482 Thread 0x000000001e9dc800  530       3       java.nio.CharBuffer::hasArray (20 bytes)
Event: 0.482 Thread 0x000000001e9dc800 nmethod 530 0x00000000034a6210 code [0x00000000034a6360, 0x00000000034a6550]
Event: 0.482 Thread 0x000000001e9dc800  533       3       java.nio.CharBuffer::<init> (22 bytes)
Event: 0.482 Thread 0x000000001e9dc800 nmethod 533 0x00000000034a5e10 code [0x00000000034a5f80, 0x00000000034a6148]
Event: 0.482 Thread 0x000000001e9dc800  526       3       sun.nio.cs.UTF_8::access$200 (8 bytes)
Event: 0.483 Thread 0x000000001e9dc800 nmethod 526 0x00000000034a55d0 code [0x00000000034a5760, 0x00000000034a5bf8]
Event: 0.483 Thread 0x000000001e9dc800  529       3       sun.nio.cs.UTF_8$Decoder::xflow (31 bytes)
Event: 0.483 Thread 0x000000001e9dc800 nmethod 529 0x00000000034b2fd0 code [0x00000000034b3180, 0x00000000034b3758]
Event: 0.483 Thread 0x000000001e9dc800  531       3       sun.nio.cs.UTF_8::updatePositions (23 bytes)

GC Heap History (0 events):
No events

Deoptimization events (2 events):
Event: 0.327 Thread 0x0000000003132800 Uncommon trap: reason=unstable_if action=reinterpret pc=0x00000000033cc83c method=java.lang.String.indexOf([CII[CIII)I @ 3
Event: 0.471 Thread 0x0000000003132800 Uncommon trap: reason=unstable_if action=reinterpret pc=0x00000000033e3de8 method=org.codehaus.plexus.util.xml.pull.MXParser.more()C @ 8

Classes redefined (0 events):
No events

Internal exceptions (9 events):
Event: 0.031 Thread 0x0000000003132800 Exception <a 'java/lang/NoSuchMethodError': Method sun.misc.Unsafe.defineClass(Ljava/lang/String;[BII)Ljava/lang/Class; name or signature does not match> (0x000000076b807cb8) thrown at [C:\re\workspace\8-2-build-windows-amd64-cygwin\jdk8u221\13320\hotspot
Event: 0.031 Thread 0x0000000003132800 Exception <a 'java/lang/NoSuchMethodError': Method sun.misc.Unsafe.prefetchRead(Ljava/lang/Object;J)V name or signature does not match> (0x000000076b807fa0) thrown at [C:\re\workspace\8-2-build-windows-amd64-cygwin\jdk8u221\13320\hotspot\src\share\vm\prim
Event: 0.196 Thread 0x0000000003132800 Exception <a 'java/security/PrivilegedActionException'> (0x000000076bcbf440) thrown at [C:\re\workspace\8-2-build-windows-amd64-cygwin\jdk8u221\13320\hotspot\src\share\vm\prims\jvm.cpp, line 1502]
Event: 0.196 Thread 0x0000000003132800 Exception <a 'java/security/PrivilegedActionException'> (0x000000076bcbf650) thrown at [C:\re\workspace\8-2-build-windows-amd64-cygwin\jdk8u221\13320\hotspot\src\share\vm\prims\jvm.cpp, line 1502]
Event: 0.196 Thread 0x0000000003132800 Exception <a 'java/security/PrivilegedActionException'> (0x000000076bcc3748) thrown at [C:\re\workspace\8-2-build-windows-amd64-cygwin\jdk8u221\13320\hotspot\src\share\vm\prims\jvm.cpp, line 1502]
Event: 0.196 Thread 0x0000000003132800 Exception <a 'java/security/PrivilegedActionException'> (0x000000076bcc3958) thrown at [C:\re\workspace\8-2-build-windows-amd64-cygwin\jdk8u221\13320\hotspot\src\share\vm\prims\jvm.cpp, line 1502]
Event: 0.458 Thread 0x0000000003132800 Exception <a 'java/lang/ArrayIndexOutOfBoundsException'> (0x000000076caabc28) thrown at [C:\re\workspace\8-2-build-windows-amd64-cygwin\jdk8u221\13320\hotspot\src\share\vm\runtime\sharedRuntime.cpp, line 605]
Event: 0.460 Thread 0x0000000003132800 Exception <a 'java/lang/ArrayIndexOutOfBoundsException'> (0x000000076cac65d0) thrown at [C:\re\workspace\8-2-build-windows-amd64-cygwin\jdk8u221\13320\hotspot\src\share\vm\runtime\sharedRuntime.cpp, line 605]
Event: 0.464 Thread 0x0000000003132800 Exception <a 'java/lang/ArrayIndexOutOfBoundsException'> (0x000000076cb07380) thrown at [C:\re\workspace\8-2-build-windows-amd64-cygwin\jdk8u221\13320\hotspot\src\share\vm\runtime\sharedRuntime.cpp, line 605]

Events (10 events):
Event: 0.481 loading class org/eclipse/sisu/space/AbstractDeferredClass
Event: 0.481 loading class org/eclipse/sisu/space/AbstractDeferredClass done
Event: 0.481 loading class org/eclipse/sisu/plexus/Hints
Event: 0.481 loading class org/eclipse/sisu/plexus/Hints done
Event: 0.482 loading class org/apache/maven/artifact/deployer/ArtifactDeployer
Event: 0.482 loading class org/apache/maven/artifact/deployer/ArtifactDeployer done
Event: 0.482 loading class org/eclipse/sisu/plexus/Roles
Event: 0.482 loading class org/eclipse/sisu/plexus/Roles done
Event: 0.483 loading class org/eclipse/sisu/plexus/PlexusXmlMetadata
Event: 0.483 loading class org/eclipse/sisu/plexus/PlexusXmlMetadata done


Dynamic libraries:
0x00007ff6afe20000 - 0x00007ff6afe57000 	C:\Program Files\Java\jdk1.8.0_221\bin\java.exe
0x00007fff79670000 - 0x00007fff79865000 	C:\WINDOWS\SYSTEM32\ntdll.dll
0x00007fff79260000 - 0x00007fff7931e000 	C:\WINDOWS\System32\KERNEL32.DLL
0x00007fff76d80000 - 0x00007fff77048000 	C:\WINDOWS\System32\KERNELBASE.dll
0x00007fff77840000 - 0x00007fff778ee000 	C:\WINDOWS\System32\ADVAPI32.dll
0x00007fff78540000 - 0x00007fff785de000 	C:\WINDOWS\System32\msvcrt.dll
0x00007fff77de0000 - 0x00007fff77e7c000 	C:\WINDOWS\System32\sechost.dll
0x00007fff78090000 - 0x00007fff781b5000 	C:\WINDOWS\System32\RPCRT4.dll
0x00007fff79480000 - 0x00007fff79621000 	C:\WINDOWS\System32\USER32.dll
0x00007fff77430000 - 0x00007fff77452000 	C:\WINDOWS\System32\win32u.dll
0x00007fff79230000 - 0x00007fff7925b000 	C:\WINDOWS\System32\GDI32.dll
0x00007fff774f0000 - 0x00007fff775fd000 	C:\WINDOWS\System32\gdi32full.dll
0x00007fff77050000 - 0x00007fff770ed000 	C:\WINDOWS\System32\msvcp_win.dll
0x00007fff770f0000 - 0x00007fff771f0000 	C:\WINDOWS\System32\ucrtbase.dll
0x00007fff638b0000 - 0x00007fff63b4a000 	C:\WINDOWS\WinSxS\amd64_microsoft.windows.common-controls_6595b64144ccf1df_6.0.19041.1110_none_60b5254171f9507e\COMCTL32.dll
0x00007fff782b0000 - 0x00007fff782e0000 	C:\WINDOWS\System32\IMM32.DLL
0x00000000569e0000 - 0x0000000056ab2000 	C:\Program Files\Java\jdk1.8.0_221\jre\bin\msvcr100.dll
0x0000000056130000 - 0x00000000569d5000 	C:\Program Files\Java\jdk1.8.0_221\jre\bin\server\jvm.dll
0x00007fff78ec0000 - 0x00007fff78ec8000 	C:\WINDOWS\System32\PSAPI.DLL
0x00007fff6dba0000 - 0x00007fff6dbaa000 	C:\WINDOWS\SYSTEM32\VERSION.dll
0x00007fff611d0000 - 0x00007fff611d9000 	C:\WINDOWS\SYSTEM32\WSOCK32.dll
0x00007fff684d0000 - 0x00007fff684f7000 	C:\WINDOWS\SYSTEM32\WINMM.dll
0x00007fff785e0000 - 0x00007fff7864b000 	C:\WINDOWS\System32\WS2_32.dll
0x00007fff46190000 - 0x00007fff4619f000 	C:\Program Files\Java\jdk1.8.0_221\jre\bin\verify.dll
0x00007fff46160000 - 0x00007fff46189000 	C:\Program Files\Java\jdk1.8.0_221\jre\bin\java.dll
0x00007fff46140000 - 0x00007fff46156000 	C:\Program Files\Java\jdk1.8.0_221\jre\bin\zip.dll
0x00007fff78650000 - 0x00007fff78d94000 	C:\WINDOWS\System32\SHELL32.dll
0x00007fff74a60000 - 0x00007fff751f5000 	C:\WINDOWS\SYSTEM32\windows.storage.dll
0x00007fff78ed0000 - 0x00007fff79225000 	C:\WINDOWS\System32\combase.dll
0x00007fff767d0000 - 0x00007fff767fe000 	C:\WINDOWS\SYSTEM32\Wldp.dll
0x00007fff77e80000 - 0x00007fff77f2d000 	C:\WINDOWS\System32\SHCORE.dll
0x00007fff77d80000 - 0x00007fff77dd5000 	C:\WINDOWS\System32\shlwapi.dll
0x00007fff76cc0000 - 0x00007fff76cdf000 	C:\WINDOWS\SYSTEM32\profapi.dll
0x00007fff71f90000 - 0x00007fff71f9a000 	C:\apache-maven-3.6.3-bin\apache-maven-3.6.3\lib\jansi-native\windows64\jansi.dll

VM Arguments:
jvm_args: -Dclassworlds.conf=C:/apache-maven-3.6.3-bin/apache-maven-3.6.3/bin/m2.conf -Dmaven.home=C:/apache-maven-3.6.3-bin/apache-maven-3.6.3 -Dlibrary.jansi.path=C:/apache-maven-3.6.3-bin/apache-maven-3.6.3/lib/jansi-native -Dmaven.multiModuleProjectDirectory=D:/IntelliJProjects/2myproject/project 
java_command: org.codehaus.plexus.classworlds.launcher.Launcher package
java_class_path (initial): C:/apache-maven-3.6.3-bin/apache-maven-3.6.3/boot/plexus-classworlds-2.6.0.jar
Launcher Type: SUN_STANDARD

Environment Variables:
JAVA_HOME=C:/Program Files/Java/jdk1.8.0_221
PATH=C:\Program Files\Git\mingw64\bin;C:\Program Files\Git\usr\bin;C:\Users\olaleye.adedayo\bin;C:\Program Files\JetBrains\IntelliJ IDEA 2019.2\jbr\bin;C:\Program Files\JetBrains\IntelliJ IDEA 2019.2\jbr\bin\server;D:\app\olaleye.adedayo\virtual\virtual\product\12.2.0\dbhome_1\bin;C:\Python39\Scripts;C:\Python39;C:\oraclexe\app\oracle\product\11.2.0\server\bin;C:\oraclexe\app\oracle\product\11.2.0\server\bin;C:\Program Files (x86)\Common Files\Oracle\Java\javapath;C:\Windows\system32;C:\Windows;C:\Windows\System32\Wbem;C:\Windows\System32\WindowsPowerShell\v1.0;C:\Windows\System32\OpenSSH;C:\Program Files (x86)\Intel\Intel(R) Management Engine Components\DAL;C:\Program Files\Intel\Intel(R) Management Engine Components\DAL;C:\Program Files (x86)\NVIDIA Corporation\PhysX\Common;C:\Program Files\Git\cmd;C:\Program Files\Intel\WiFi\bin;C:\Program Files\Common Files\Intel\WirelessCommon;C:\WINDOWS\system32;C:\WINDOWS;C:\WINDOWS\System32\Wbem;C:\WINDOWS\System32\WindowsPowerShell\v1.0;C:\WINDOWS\System32\OpenSSH;C:\Program Files\nodejs;C:\ProgramData\chocolatey\bin;C:\apache-maven-3.6.3-bin\apache-maven-3.6.3\bin;C:\Program Files\Java\jdk1.8.0_221\bin;C:\Program Files\PuTTY;C:\Program Files (x86)\PuTTY;C:\Program Files\Git\usr\bin;C:\Program Files\Docker\Docker\resources\bin;C:\ProgramData\DockerDesktop\version-bin;C:\Users\olaleye.adedayo\Desktop\softwares\ngrok-stable-windows-amd64;C:\Program Files (x86)\Microsoft SQL Server\150\DTS\Binn;C:\Program Files\Microsoft SQL Server\Client SDK\ODBC\130\Tools\Binn;C:\Program Files (x86)\Microsoft SQL Server\130\Tools\Binn;C:\Program Files\Microsoft SQL Server\130\Tools\Binn;C:\Program Files\Microsoft SQL Server\130\DTS\Binn;C:\Users\olaleye.adedayo\AppData\npm\Local\Microsoft\WindowsApps;C:\Users\olaleye.adedayo\AppData\Local\Programs\Microsoft VS Code\bin;C:\Program Files\JetBrains\IntelliJ IDEA 2019.2\bin;C:\Users\olaleye.adedayo\AppData\Roaming\npm;C:\Program Files\Git\usr\bin
USERNAME=olaleye.adedayo
OS=Windows_NT
PROCESSOR_IDENTIFIER=Intel64 Family 6 Model 142 Stepping 10, GenuineIntel



---------------  S Y S T E M  ---------------

OS: Windows 10.0 , 64 bit Build 19041 (10.0.19041.1466)

CPU:total 8 (initial active 8) (4 cores per cpu, 2 threads per core) family 6 model 142 stepping 10, cmov, cx8, fxsr, mmx, sse, sse2, sse3, ssse3, sse4.1, sse4.2, popcnt, avx, avx2, aes, clmul, erms, 3dnowpref, lzcnt, ht, tsc, tscinvbit, bmi1, bmi2, adx

Memory: 4k page, physical 16607100k(3137492k free), swap 30112760k(6468k free)

vm_info: Java HotSpot(TM) 64-Bit Server VM (25.221-b11) for windows-amd64 JRE (1.8.0_221-b11), built on Jul  4 2019 04:39:29 by "java_re" with MS VC++ 10.0 (VS2010)

time: Fri Jan 21 13:40:07 2022
timezone: W. Central Africa Standard Time
elapsed time: 0 seconds (0d 0h 0m 0s)

